<?xml version="1.0" encoding="UTF-8"?>
<testng-results ignored="0" total="1" passed="1" failed="0" skipped="0">
  <reporter-output>
  </reporter-output>
  <suite started-at="2024-07-21T20:28:26 IST" name="Default suite" finished-at="2024-07-21T20:28:29 IST" duration-ms="3730">
    <groups>
    </groups>
    <test started-at="2024-07-21T20:28:26 IST" name="Default test" finished-at="2024-07-21T20:28:29 IST" duration-ms="3730">
      <class name="testLayer.TestRunner">
        <test-method is-config="true" signature="set()[pri:0, instance:testLayer.TestRunner@7ec7ffd3]" started-at="2024-07-21T20:28:25 IST" name="set" finished-at="2024-07-21T20:28:26 IST" duration-ms="627" status="PASS">
          <reporter-output>
          </reporter-output>
        </test-method> <!-- set -->
        <test-method is-config="true" signature="reportview()[pri:0, instance:testLayer.TestRunner@7ec7ffd3]" started-at="2024-07-21T20:28:26 IST" name="reportview" finished-at="2024-07-21T20:28:26 IST" duration-ms="141" status="PASS">
          <reporter-output>
          </reporter-output>
        </test-method> <!-- reportview -->
        <test-method is-config="true" signature="setup()[pri:0, instance:testLayer.TestRunner@7ec7ffd3]" started-at="2024-07-21T20:28:26 IST" name="setup" finished-at="2024-07-21T20:28:28 IST" duration-ms="2258" status="PASS">
          <reporter-output>
          </reporter-output>
        </test-method> <!-- setup -->
        <test-method signature="loginTest()[pri:0, instance:testLayer.TestRunner@7ec7ffd3]" started-at="2024-07-21T20:28:28 IST" name="loginTest" finished-at="2024-07-21T20:28:29 IST" duration-ms="1308" status="PASS">
          <reporter-output>
          </reporter-output>
        </test-method> <!-- loginTest -->
        <test-method is-config="true" signature="quit()[pri:0, instance:testLayer.TestRunner@7ec7ffd3]" started-at="2024-07-21T20:28:29 IST" name="quit" finished-at="2024-07-21T20:28:30 IST" duration-ms="249" status="PASS">
          <reporter-output>
          </reporter-output>
        </test-method> <!-- quit -->
      </class> <!-- testLayer.TestRunner -->
    </test> <!-- Default test -->
  </suite> <!-- Default suite -->
</testng-results>
